00:00:32:090  WARN 18436 --- [Thread-4] c.a.nacos.common.notify.NotifyCenter     : [NotifyCenter] Start destroying Publisher
00:00:32:091  WARN 18436 --- [Thread-7] c.a.n.common.http.HttpClientBeanHolder   : [HttpClientBeanHolder] Start destroying common HttpClient
00:00:32:109  WARN 18436 --- [Thread-4] c.a.nacos.common.notify.NotifyCenter     : [NotifyCenter] Destruction of the end
00:00:32:110  WARN 18436 --- [Thread-7] c.a.n.common.http.HttpClientBeanHolder   : [HttpClientBeanHolder] Destruction of the end
00:00:32:809  INFO 18436 --- [SpringApplicationShutdownHook] c.a.c.n.registry.NacosServiceRegistry    : De-registering from Nacos Server now...
00:00:32:815  INFO 18436 --- [SpringApplicationShutdownHook] c.a.c.n.registry.NacosServiceRegistry    : De-registration finished.
00:00:33:127  INFO 18436 --- [SpringApplicationShutdownHook] com.alibaba.nacos.common.remote.client   : Shutdown rpc client, set status to shutdown
00:00:33:128  INFO 18436 --- [SpringApplicationShutdownHook] com.alibaba.nacos.common.remote.client   : Shutdown client event executor java.util.concurrent.ScheduledThreadPoolExecutor@17bc1e39[Running, pool size = 2, active threads = 2, queued tasks = 0, completed tasks = 0]
00:00:33:128  INFO 18436 --- [SpringApplicationShutdownHook] com.alibaba.nacos.common.remote.client   : Close current connection 1706048325345_192.168.19.1_3150
00:00:33:130  INFO 18436 --- [nacos-grpc-client-executor-972] c.a.n.c.remote.client.grpc.GrpcClient    : [1706048325345_192.168.19.1_3150]Ignore complete event,isRunning:false,isAbandon=false
00:00:33:133  INFO 18436 --- [SpringApplicationShutdownHook] c.a.n.c.remote.client.grpc.GrpcClient    : Shutdown grpc executor java.util.concurrent.ThreadPoolExecutor@2008fa8d[Running, pool size = 5, active threads = 0, queued tasks = 0, completed tasks = 973]
00:00:33:148  INFO 18436 --- [SpringApplicationShutdownHook] com.zaxxer.hikari.HikariDataSource       : HikariPool-1 - Shutdown initiated...
00:00:33:232  INFO 18436 --- [SpringApplicationShutdownHook] com.zaxxer.hikari.HikariDataSource       : HikariPool-1 - Shutdown completed.
00:58:21:500  INFO 42904 --- [main] com.hmall.user.UserApplication           : Starting UserApplication using Java 11.0.17 on LAPTOP-4GRT2K57 with PID 42904 (E:\BaiduNetdiskDownload\资料\hmall\user-service\target\classes started by 黄宇航 in E:\BaiduNetdiskDownload\资料\hmall)
00:58:21:504 DEBUG 42904 --- [main] com.hmall.user.UserApplication           : Running with Spring Boot v2.7.12, Spring v5.3.27
00:58:21:505  INFO 42904 --- [main] com.hmall.user.UserApplication           : The following 1 profile is active: "local"
00:58:22:363  INFO 42904 --- [main] .s.d.r.c.RepositoryConfigurationDelegate : Multiple Spring Data modules found, entering strict repository configuration mode
00:58:22:366  INFO 42904 --- [main] .s.d.r.c.RepositoryConfigurationDelegate : Bootstrapping Spring Data Redis repositories in DEFAULT mode.
00:58:22:390  INFO 42904 --- [main] .s.d.r.c.RepositoryConfigurationDelegate : Finished Spring Data repository scanning in 10 ms. Found 0 Redis repository interfaces.
00:58:22:625  INFO 42904 --- [main] o.s.cloud.context.scope.GenericScope     : BeanFactory id=1684e453-e6a2-3860-aeb0-9d0514623a60
00:58:23:030  INFO 42904 --- [main] o.s.b.w.embedded.tomcat.TomcatWebServer  : Tomcat initialized with port(s): 8086 (http)
00:58:23:043  INFO 42904 --- [main] o.apache.catalina.core.StandardService   : Starting service [Tomcat]
00:58:23:044  INFO 42904 --- [main] org.apache.catalina.core.StandardEngine  : Starting Servlet engine: [Apache Tomcat/9.0.75]
00:58:23:302  INFO 42904 --- [main] o.a.c.c.C.[Tomcat].[localhost].[/]       : Initializing Spring embedded WebApplicationContext
00:58:23:302  INFO 42904 --- [main] w.s.c.ServletWebServerApplicationContext : Root WebApplicationContext: initialization completed in 1759 ms
00:58:27:764  INFO 42904 --- [main] o.s.cloud.commons.util.InetUtils         : Cannot determine local hostname
00:58:28:153  INFO 42904 --- [main] pertySourcedRequestMappingHandlerMapping : Mapped URL path [/v2/api-docs] onto method [springfox.documentation.swagger2.web.Swagger2ControllerWebMvc#getDocumentation(String, HttpServletRequest)]
00:58:34:932  INFO 42904 --- [main] o.s.cloud.commons.util.InetUtils         : Cannot determine local hostname
00:58:35:304  INFO 42904 --- [main] com.alibaba.nacos.common.remote.client   : [RpcClientFactory] create a new rpc client of 6d1314e8-98a1-4a7f-a2dd-5f07ed1aeebc
00:58:35:363  INFO 42904 --- [main] org.reflections.Reflections              : Reflections took 30 ms to scan 1 urls, producing 3 keys and 6 values 
00:58:35:397  INFO 42904 --- [main] org.reflections.Reflections              : Reflections took 11 ms to scan 1 urls, producing 4 keys and 9 values 
00:58:35:407  INFO 42904 --- [main] org.reflections.Reflections              : Reflections took 6 ms to scan 1 urls, producing 3 keys and 10 values 
00:58:35:410  WARN 42904 --- [main] org.reflections.Reflections              : given scan urls are empty. set urls in the configuration
00:58:35:418  INFO 42904 --- [main] org.reflections.Reflections              : Reflections took 8 ms to scan 1 urls, producing 1 keys and 5 values 
00:58:35:427  INFO 42904 --- [main] org.reflections.Reflections              : Reflections took 6 ms to scan 1 urls, producing 1 keys and 7 values 
00:58:35:436  INFO 42904 --- [main] org.reflections.Reflections              : Reflections took 6 ms to scan 1 urls, producing 2 keys and 8 values 
00:58:35:439  WARN 42904 --- [main] org.reflections.Reflections              : given scan urls are empty. set urls in the configuration
00:58:35:440  INFO 42904 --- [main] com.alibaba.nacos.common.remote.client   : [6d1314e8-98a1-4a7f-a2dd-5f07ed1aeebc] RpcClient init label, labels = {module=naming, source=sdk}
00:58:35:442  INFO 42904 --- [main] com.alibaba.nacos.common.remote.client   : [6d1314e8-98a1-4a7f-a2dd-5f07ed1aeebc] RpcClient init, ServerListFactory = com.alibaba.nacos.client.naming.core.ServerListManager
00:58:35:442  INFO 42904 --- [main] com.alibaba.nacos.common.remote.client   : [6d1314e8-98a1-4a7f-a2dd-5f07ed1aeebc] Registry connection listener to current client:com.alibaba.nacos.client.naming.remote.gprc.redo.NamingGrpcRedoService
00:58:35:443  INFO 42904 --- [main] com.alibaba.nacos.common.remote.client   : [6d1314e8-98a1-4a7f-a2dd-5f07ed1aeebc] Register server push request handler:com.alibaba.nacos.client.naming.remote.gprc.NamingPushRequestHandler
00:58:35:444  INFO 42904 --- [main] com.alibaba.nacos.common.remote.client   : [6d1314e8-98a1-4a7f-a2dd-5f07ed1aeebc] Try to connect to server on start up, server: {serverIp = '192.168.19.132', server main port = 8848}
00:58:37:658  INFO 42904 --- [main] com.alibaba.nacos.common.remote.client   : [6d1314e8-98a1-4a7f-a2dd-5f07ed1aeebc] Success to connect to server [192.168.19.132:8848] on start up, connectionId = 1706052225997_192.168.19.1_8477
00:58:37:658  INFO 42904 --- [com.alibaba.nacos.client.remote.worker] com.alibaba.nacos.common.remote.client   : [6d1314e8-98a1-4a7f-a2dd-5f07ed1aeebc] Notify connected event to listeners.
00:58:37:659  INFO 42904 --- [main] com.alibaba.nacos.common.remote.client   : [6d1314e8-98a1-4a7f-a2dd-5f07ed1aeebc] Register server push request handler:com.alibaba.nacos.common.remote.client.RpcClient$ConnectResetRequestHandler
00:58:37:660  INFO 42904 --- [main] com.alibaba.nacos.common.remote.client   : [6d1314e8-98a1-4a7f-a2dd-5f07ed1aeebc] Register server push request handler:com.alibaba.nacos.common.remote.client.RpcClient$$Lambda$1106/0x000000080087fc40
00:58:37:716  INFO 42904 --- [main] o.s.b.w.embedded.tomcat.TomcatWebServer  : Tomcat started on port(s): 8086 (http) with context path ''
00:58:37:730  INFO 42904 --- [main] c.a.c.n.registry.NacosServiceRegistry    : nacos registry, DEFAULT_GROUP user-service 192.168.19.1:8086 register finished
00:58:38:193  INFO 42904 --- [nacos-grpc-client-executor-10] com.alibaba.nacos.common.remote.client   : [6d1314e8-98a1-4a7f-a2dd-5f07ed1aeebc] Receive server push request, request = NotifySubscriberRequest, requestId = 230
00:58:38:199  INFO 42904 --- [nacos-grpc-client-executor-10] com.alibaba.nacos.common.remote.client   : [6d1314e8-98a1-4a7f-a2dd-5f07ed1aeebc] Ack server push request, request = NotifySubscriberRequest, requestId = 230
00:58:39:460  INFO 42904 --- [main] o.s.cloud.commons.util.InetUtils         : Cannot determine local hostname
00:58:39:461  INFO 42904 --- [main] d.s.w.p.DocumentationPluginsBootstrapper : Documentation plugins bootstrapped
00:58:39:467  INFO 42904 --- [main] d.s.w.p.DocumentationPluginsBootstrapper : Found 1 custom documentation plugin(s)
00:58:39:502  INFO 42904 --- [main] s.d.s.w.s.ApiListingReferenceScanner     : Scanning for api listing references
00:58:39:623  INFO 42904 --- [main] com.hmall.user.UserApplication           : Started UserApplication in 20.155 seconds (JVM running for 21.42)
00:59:20:337  INFO 42904 --- [http-nio-8086-exec-1] o.a.c.c.C.[Tomcat].[localhost].[/]       : Initializing Spring DispatcherServlet 'dispatcherServlet'
00:59:20:337  INFO 42904 --- [http-nio-8086-exec-1] o.s.web.servlet.DispatcherServlet        : Initializing Servlet 'dispatcherServlet'
00:59:20:338  INFO 42904 --- [http-nio-8086-exec-1] o.s.web.servlet.DispatcherServlet        : Completed initialization in 1 ms
00:59:20:473  INFO 42904 --- [http-nio-8086-exec-1] com.zaxxer.hikari.HikariDataSource       : HikariPool-1 - Starting...
00:59:20:697  INFO 42904 --- [http-nio-8086-exec-1] com.zaxxer.hikari.HikariDataSource       : HikariPool-1 - Start completed.
00:59:20:703 DEBUG 42904 --- [http-nio-8086-exec-1] c.h.user.mapper.UserMapper.selectOne     : ==>  Preparing: SELECT id,username,password,phone,create_time,update_time,status,balance FROM user WHERE (username = ?)
00:59:20:723 DEBUG 42904 --- [http-nio-8086-exec-1] c.h.user.mapper.UserMapper.selectOne     : ==> Parameters: (String)
00:59:20:742 DEBUG 42904 --- [http-nio-8086-exec-1] c.h.user.mapper.UserMapper.selectOne     : <==      Total: 0
00:59:20:757 ERROR 42904 --- [http-nio-8086-exec-1] o.a.c.c.C.[.[.[/].[dispatcherServlet]    : Servlet.service() for servlet [dispatcherServlet] in context with path [] threw exception [Request processing failed; nested exception is java.lang.IllegalArgumentException: 用户名错误] with root cause

java.lang.IllegalArgumentException: 用户名错误
	at org.springframework.util.Assert.notNull(Assert.java:201) ~[spring-core-5.3.27.jar:5.3.27]
	at com.hmall.user.service.Impl.UserServiceImpl.login(UserServiceImpl.java:47) ~[classes/:na]
	at com.hmall.user.service.Impl.UserServiceImpl$$FastClassBySpringCGLIB$$e637f059.invoke(<generated>) ~[classes/:na]
	at org.springframework.cglib.proxy.MethodProxy.invoke(MethodProxy.java:218) ~[spring-core-5.3.27.jar:5.3.27]
	at org.springframework.aop.framework.CglibAopProxy.invokeMethod(CglibAopProxy.java:386) ~[spring-aop-5.3.27.jar:5.3.27]
	at org.springframework.aop.framework.CglibAopProxy.access$000(CglibAopProxy.java:85) ~[spring-aop-5.3.27.jar:5.3.27]
	at org.springframework.aop.framework.CglibAopProxy$DynamicAdvisedInterceptor.intercept(CglibAopProxy.java:704) ~[spring-aop-5.3.27.jar:5.3.27]
	at com.hmall.user.service.Impl.UserServiceImpl$$EnhancerBySpringCGLIB$$2728a0e0.login(<generated>) ~[classes/:na]
	at com.hmall.user.controller.UserController.login(UserController.java:25) ~[classes/:na]
	at java.base/jdk.internal.reflect.NativeMethodAccessorImpl.invoke0(Native Method) ~[na:na]
	at java.base/jdk.internal.reflect.NativeMethodAccessorImpl.invoke(NativeMethodAccessorImpl.java:62) ~[na:na]
	at java.base/jdk.internal.reflect.DelegatingMethodAccessorImpl.invoke(DelegatingMethodAccessorImpl.java:43) ~[na:na]
	at java.base/java.lang.reflect.Method.invoke(Method.java:566) ~[na:na]
	at org.springframework.web.method.support.InvocableHandlerMethod.doInvoke(InvocableHandlerMethod.java:205) ~[spring-web-5.3.27.jar:5.3.27]
	at org.springframework.web.method.support.InvocableHandlerMethod.invokeForRequest(InvocableHandlerMethod.java:150) ~[spring-web-5.3.27.jar:5.3.27]
	at org.springframework.web.servlet.mvc.method.annotation.ServletInvocableHandlerMethod.invokeAndHandle(ServletInvocableHandlerMethod.java:117) ~[spring-webmvc-5.3.27.jar:5.3.27]
	at org.springframework.web.servlet.mvc.method.annotation.RequestMappingHandlerAdapter.invokeHandlerMethod(RequestMappingHandlerAdapter.java:895) ~[spring-webmvc-5.3.27.jar:5.3.27]
	at org.springframework.web.servlet.mvc.method.annotation.RequestMappingHandlerAdapter.handleInternal(RequestMappingHandlerAdapter.java:808) ~[spring-webmvc-5.3.27.jar:5.3.27]
	at org.springframework.web.servlet.mvc.method.AbstractHandlerMethodAdapter.handle(AbstractHandlerMethodAdapter.java:87) ~[spring-webmvc-5.3.27.jar:5.3.27]
	at org.springframework.web.servlet.DispatcherServlet.doDispatch(DispatcherServlet.java:1072) ~[spring-webmvc-5.3.27.jar:5.3.27]
	at org.springframework.web.servlet.DispatcherServlet.doService(DispatcherServlet.java:965) ~[spring-webmvc-5.3.27.jar:5.3.27]
	at org.springframework.web.servlet.FrameworkServlet.processRequest(FrameworkServlet.java:1006) ~[spring-webmvc-5.3.27.jar:5.3.27]
	at org.springframework.web.servlet.FrameworkServlet.doPost(FrameworkServlet.java:909) ~[spring-webmvc-5.3.27.jar:5.3.27]
	at javax.servlet.http.HttpServlet.service(HttpServlet.java:555) ~[tomcat-embed-core-9.0.75.jar:4.0.FR]
	at org.springframework.web.servlet.FrameworkServlet.service(FrameworkServlet.java:883) ~[spring-webmvc-5.3.27.jar:5.3.27]
	at javax.servlet.http.HttpServlet.service(HttpServlet.java:623) ~[tomcat-embed-core-9.0.75.jar:4.0.FR]
	at org.apache.catalina.core.ApplicationFilterChain.internalDoFilter(ApplicationFilterChain.java:209) ~[tomcat-embed-core-9.0.75.jar:9.0.75]
	at org.apache.catalina.core.ApplicationFilterChain.doFilter(ApplicationFilterChain.java:153) ~[tomcat-embed-core-9.0.75.jar:9.0.75]
	at org.apache.tomcat.websocket.server.WsFilter.doFilter(WsFilter.java:51) ~[tomcat-embed-websocket-9.0.75.jar:9.0.75]
	at org.apache.catalina.core.ApplicationFilterChain.internalDoFilter(ApplicationFilterChain.java:178) ~[tomcat-embed-core-9.0.75.jar:9.0.75]
	at org.apache.catalina.core.ApplicationFilterChain.doFilter(ApplicationFilterChain.java:153) ~[tomcat-embed-core-9.0.75.jar:9.0.75]
	at org.springframework.web.filter.RequestContextFilter.doFilterInternal(RequestContextFilter.java:100) ~[spring-web-5.3.27.jar:5.3.27]
	at org.springframework.web.filter.OncePerRequestFilter.doFilter(OncePerRequestFilter.java:117) ~[spring-web-5.3.27.jar:5.3.27]
	at org.apache.catalina.core.ApplicationFilterChain.internalDoFilter(ApplicationFilterChain.java:178) ~[tomcat-embed-core-9.0.75.jar:9.0.75]
	at org.apache.catalina.core.ApplicationFilterChain.doFilter(ApplicationFilterChain.java:153) ~[tomcat-embed-core-9.0.75.jar:9.0.75]
	at org.springframework.web.filter.FormContentFilter.doFilterInternal(FormContentFilter.java:93) ~[spring-web-5.3.27.jar:5.3.27]
	at org.springframework.web.filter.OncePerRequestFilter.doFilter(OncePerRequestFilter.java:117) ~[spring-web-5.3.27.jar:5.3.27]
	at org.apache.catalina.core.ApplicationFilterChain.internalDoFilter(ApplicationFilterChain.java:178) ~[tomcat-embed-core-9.0.75.jar:9.0.75]
	at org.apache.catalina.core.ApplicationFilterChain.doFilter(ApplicationFilterChain.java:153) ~[tomcat-embed-core-9.0.75.jar:9.0.75]
	at org.springframework.web.filter.CharacterEncodingFilter.doFilterInternal(CharacterEncodingFilter.java:201) ~[spring-web-5.3.27.jar:5.3.27]
	at org.springframework.web.filter.OncePerRequestFilter.doFilter(OncePerRequestFilter.java:117) ~[spring-web-5.3.27.jar:5.3.27]
	at org.apache.catalina.core.ApplicationFilterChain.internalDoFilter(ApplicationFilterChain.java:178) ~[tomcat-embed-core-9.0.75.jar:9.0.75]
	at org.apache.catalina.core.ApplicationFilterChain.doFilter(ApplicationFilterChain.java:153) ~[tomcat-embed-core-9.0.75.jar:9.0.75]
	at org.apache.catalina.core.StandardWrapperValve.invoke(StandardWrapperValve.java:167) ~[tomcat-embed-core-9.0.75.jar:9.0.75]
	at org.apache.catalina.core.StandardContextValve.invoke(StandardContextValve.java:90) ~[tomcat-embed-core-9.0.75.jar:9.0.75]
	at org.apache.catalina.authenticator.AuthenticatorBase.invoke(AuthenticatorBase.java:481) ~[tomcat-embed-core-9.0.75.jar:9.0.75]
	at org.apache.catalina.core.StandardHostValve.invoke(StandardHostValve.java:130) ~[tomcat-embed-core-9.0.75.jar:9.0.75]
	at org.apache.catalina.valves.ErrorReportValve.invoke(ErrorReportValve.java:93) ~[tomcat-embed-core-9.0.75.jar:9.0.75]
	at org.apache.catalina.core.StandardEngineValve.invoke(StandardEngineValve.java:74) ~[tomcat-embed-core-9.0.75.jar:9.0.75]
	at org.apache.catalina.connector.CoyoteAdapter.service(CoyoteAdapter.java:343) ~[tomcat-embed-core-9.0.75.jar:9.0.75]
	at org.apache.coyote.http11.Http11Processor.service(Http11Processor.java:390) ~[tomcat-embed-core-9.0.75.jar:9.0.75]
	at org.apache.coyote.AbstractProcessorLight.process(AbstractProcessorLight.java:63) ~[tomcat-embed-core-9.0.75.jar:9.0.75]
	at org.apache.coyote.AbstractProtocol$ConnectionHandler.process(AbstractProtocol.java:926) ~[tomcat-embed-core-9.0.75.jar:9.0.75]
	at org.apache.tomcat.util.net.NioEndpoint$SocketProcessor.doRun(NioEndpoint.java:1791) ~[tomcat-embed-core-9.0.75.jar:9.0.75]
	at org.apache.tomcat.util.net.SocketProcessorBase.run(SocketProcessorBase.java:52) ~[tomcat-embed-core-9.0.75.jar:9.0.75]
	at org.apache.tomcat.util.threads.ThreadPoolExecutor.runWorker(ThreadPoolExecutor.java:1191) ~[tomcat-embed-core-9.0.75.jar:9.0.75]
	at org.apache.tomcat.util.threads.ThreadPoolExecutor$Worker.run(ThreadPoolExecutor.java:659) ~[tomcat-embed-core-9.0.75.jar:9.0.75]
	at org.apache.tomcat.util.threads.TaskThread$WrappingRunnable.run(TaskThread.java:61) ~[tomcat-embed-core-9.0.75.jar:9.0.75]
	at java.base/java.lang.Thread.run(Thread.java:829) ~[na:na]

00:59:23:752 DEBUG 42904 --- [http-nio-8086-exec-2] c.h.user.mapper.UserMapper.selectOne     : ==>  Preparing: SELECT id,username,password,phone,create_time,update_time,status,balance FROM user WHERE (username = ?)
00:59:23:753 DEBUG 42904 --- [http-nio-8086-exec-2] c.h.user.mapper.UserMapper.selectOne     : ==> Parameters: jack(String)
00:59:23:760 DEBUG 42904 --- [http-nio-8086-exec-2] c.h.user.mapper.UserMapper.selectOne     : <==      Total: 1
01:47:41:952  WARN 42904 --- [Thread-4] c.a.nacos.common.notify.NotifyCenter     : [NotifyCenter] Start destroying Publisher
01:47:41:952  WARN 42904 --- [Thread-7] c.a.n.common.http.HttpClientBeanHolder   : [HttpClientBeanHolder] Start destroying common HttpClient
01:47:41:953  WARN 42904 --- [Thread-4] c.a.nacos.common.notify.NotifyCenter     : [NotifyCenter] Destruction of the end
01:47:41:953  WARN 42904 --- [Thread-7] c.a.n.common.http.HttpClientBeanHolder   : [HttpClientBeanHolder] Destruction of the end
01:47:42:446  INFO 42904 --- [SpringApplicationShutdownHook] c.a.c.n.registry.NacosServiceRegistry    : De-registering from Nacos Server now...
01:47:42:449  INFO 42904 --- [SpringApplicationShutdownHook] c.a.c.n.registry.NacosServiceRegistry    : De-registration finished.
01:47:42:759  INFO 42904 --- [SpringApplicationShutdownHook] com.alibaba.nacos.common.remote.client   : Shutdown rpc client, set status to shutdown
01:47:42:759  INFO 42904 --- [SpringApplicationShutdownHook] com.alibaba.nacos.common.remote.client   : Shutdown client event executor java.util.concurrent.ScheduledThreadPoolExecutor@2f849803[Running, pool size = 2, active threads = 2, queued tasks = 0, completed tasks = 0]
01:47:42:759  INFO 42904 --- [SpringApplicationShutdownHook] com.alibaba.nacos.common.remote.client   : Close current connection 1706052225997_192.168.19.1_8477
01:47:42:765  INFO 42904 --- [SpringApplicationShutdownHook] c.a.n.c.remote.client.grpc.GrpcClient    : Shutdown grpc executor java.util.concurrent.ThreadPoolExecutor@43d815bd[Running, pool size = 5, active threads = 0, queued tasks = 0, completed tasks = 611]
01:47:42:773  INFO 42904 --- [SpringApplicationShutdownHook] com.zaxxer.hikari.HikariDataSource       : HikariPool-1 - Shutdown initiated...
01:47:42:804  INFO 42904 --- [SpringApplicationShutdownHook] com.zaxxer.hikari.HikariDataSource       : HikariPool-1 - Shutdown completed.
